92
1:/usr/lib/systemd/systemd
2:[kthreadd]
3:[rcu_gp]
4:[rcu_par_gp]
6:[kworker/0:0H-kblockd]
8:[mm_percpu_wq]
9:[ksoftirqd/0]
10:[rcu_sched]
11:[migration/0]
12:[watchdog/0]
13:[cpuhp/0]
15:[kdevtmpfs]
16:[netns]
17:[kauditd]
18:[khungtaskd]
19:[oom_reaper]
20:[writeback]
21:[kcompactd0]
22:[ksmd]
23:[khugepaged]
24:[crypto]
25:[kintegrityd]
26:[kblockd]
27:[tpm_dev_wq]
28:[md]
29:[edac-poller]
30:[watchdogd]
47:[kswapd0]
140:[kthrotld]
141:[acpi_thermal_pm]
142:[kmpath_rdacd]
143:[kaluad]
144:[ipv6_addrconf]
146:[kstrp]
263:[kworker/0:3-events]
443:[ata_sff]
444:[scsi_eh_0]
445:[scsi_tmf_0]
446:[scsi_eh_1]
447:[scsi_tmf_1]
448:[kworker/u2:2-events_unbound]
449:[scsi_eh_2]
450:[scsi_tmf_2]
456:[kworker/0:1H-kblockd]
514:[kdmflush]
524:[kdmflush]
558:[jbd2/dm-0-8]
559:[ext4-rsv-conver]
649:/usr/lib/systemd/systemd-journald
674:/usr/lib/systemd/systemd-udevd
728:[kdmflush]
732:[irq/18-vmwgfx]
733:[ttm_swap]
755:[jbd2/sda1-8]
756:[ext4-rsv-conver]
767:[xfsalloc]
768:[xfs_mru_cache]
771:[xfs-buf/dm-2]
772:[xfs-conv/dm-2]
773:[xfs-cil/dm-2]
774:[xfs-reclaim/dm-]
775:[xfs-log/dm-2]
776:[xfs-eofblocks/d]
777:[xfsaild/dm-2]
801:/sbin/auditd
807:[rpciod]
808:[kworker/u3:0]
809:[xprtiod]
831:/usr/sbin/mcelog
834:/usr/sbin/sssd
840:/usr/sbin/ModemManager
844:/usr/sbin/smartd
846:/usr/sbin/gssproxy
863:/usr/libexec/sssd/sssd_be
867:/usr/libexec/platform-python
868:/usr/libexec/sssd/sssd_nss
870:/usr/lib/systemd/systemd-logind
884:/usr/sbin/NetworkManager
893:/usr/sbin/sshd
894:/usr/libexec/platform-python
1125:login
1126:/usr/sbin/atd
1127:/usr/sbin/crond
1413:/usr/lib/systemd/systemd
1418:(sd-pam)
1424:-bash
2583:[kworker/u2:0-flush-253:2]
14602:[kworker/0:1-ata_sff]
14640:[kworker/0:0-ata_sff]
14729:/bin/bash
14730:ps
14731:awk
